<?xml version="1.0" encoding="UTF-8"?>
<!-- Generated by org.testng.reporters.JUnitXMLReporter -->
<testsuite ignored="0" hostname="DESKTOP-J7CJ108" failures="0" tests="3" name="Login DDT" time="31.374" errors="0" timestamp="2026-03-14T20:17:02 IST">
  <testcase classname="TestCases.TC004_Login_DDT" name="loginDataDriven" time="3.904"/>
  <testcase classname="TestCases.TC004_Login_DDT" name="loginDataDriven" time="2.725"/>
  <testcase classname="TestCases.TC004_Login_DDT" name="loginDataDriven" time="3.153"/>
</testsuite> <!-- Login DDT -->
