<?xml version="1.0" encoding="UTF-8"?>
<!-- Generated by org.testng.reporters.JUnitReportReporter -->
<testsuite hostname="DESKTOP-J7CJ108" failures="0" tests="2" name="TestCases.TC010_Edit_Account_Test" time="20.404" errors="0" timestamp="2026-03-14T20:23:19 IST" skipped="0">
  <testcase classname="TestCases.TC010_Edit_Account_Test" name="verify_account_update" time="9.904"/>
  <testcase classname="TestCases.TC010_Edit_Account_Test" name="verify_account_update_with_existing_email" time="10.500"/>
</testsuite> <!-- TestCases.TC010_Edit_Account_Test -->
