<?xml version="1.0" encoding="UTF-8"?>
<!-- Generated by org.testng.reporters.JUnitReportReporter -->
<testsuite hostname="DESKTOP-J7CJ108" failures="0" tests="3" name="TestCases.TC001_RegistrationTest" time="26.467" errors="0" timestamp="2026-03-14T20:23:19 IST" skipped="0">
  <testcase classname="TestCases.TC001_RegistrationTest" name="verify_account_registration" time="9.883"/>
  <testcase classname="TestCases.TC001_RegistrationTest" name="verify_registration_with_existing_email" time="9.887"/>
  <testcase classname="TestCases.TC001_RegistrationTest" name="verify_registration_without_privacy_policy" time="6.697"/>
</testsuite> <!-- TestCases.TC001_RegistrationTest -->
