<?xml version="1.0" encoding="UTF-8"?>
<!-- Generated by org.testng.reporters.JUnitReportReporter -->
<testsuite hostname="DESKTOP-J7CJ108" failures="0" tests="2" name="TestCases.TC009_ForgottenPasswordTest" time="22.323" errors="0" timestamp="2026-03-14T20:23:19 IST" skipped="0">
  <testcase classname="TestCases.TC009_ForgottenPasswordTest" name="verify_with_registered_email" time="9.272"/>
  <testcase classname="TestCases.TC009_ForgottenPasswordTest" name="verify_with_unregistered_email" time="13.051"/>
</testsuite> <!-- TestCases.TC009_ForgottenPasswordTest -->
