<?xml version="1.0" encoding="UTF-8"?>
<!-- Generated by org.testng.reporters.JUnitReportReporter -->
<testsuite hostname="DESKTOP-J7CJ108" failures="0" tests="3" name="TestCases.TC004_Login_DDT" time="29.556" errors="0" timestamp="2026-03-14T20:17:02 IST" skipped="0">
  <testcase classname="TestCases.TC004_Login_DDT" name="loginDataDriven" time="9.185"/>
  <testcase classname="TestCases.TC004_Login_DDT" name="loginDataDriven" time="8.414"/>
  <testcase classname="TestCases.TC004_Login_DDT" name="loginDataDriven" time="11.957"/>
</testsuite> <!-- TestCases.TC004_Login_DDT -->
