<?xml version="1.0" encoding="UTF-8"?>
<!-- Generated by org.testng.reporters.JUnitReportReporter -->
<testsuite hostname="DESKTOP-J7CJ108" failures="0" tests="3" name="TestCases.TC005_Search_Box_Test" time="16.728" errors="0" timestamp="2026-03-14T20:23:19 IST" skipped="0">
  <testcase classname="TestCases.TC005_Search_Box_Test" name="verify_with_valid_text" time="5.749"/>
  <testcase classname="TestCases.TC005_Search_Box_Test" name="verify_with_invalid_text" time="5.452"/>
  <testcase classname="TestCases.TC005_Search_Box_Test" name="verify_with_number" time="5.527"/>
</testsuite> <!-- TestCases.TC005_Search_Box_Test -->
